<?xml version="1.0" encoding="UTF-8"?>
<testng-results skipped="2" failed="0" total="5" passed="3">
  <reporter-output>
    <line>
      <![CDATA[*** Script execution for TC001_Create_an_Account is completed. *** ]]>
    </line>
    <line>
      <![CDATA[*** Script execution for TC002_Create_an_Account is completed. *** ]]>
    </line>
    <line>
      <![CDATA[TC003_Create_an_Account Test case is skipped by listener as Run mode set to N]]>
    </line>
    <line>
      <![CDATA[*** Script execution for TC004_Create_an_Account is completed. *** ]]>
    </line>
  </reporter-output>
  <suite name="Regression suite" duration-ms="137901" started-at="2019-10-13T09:46:40Z" finished-at="2019-10-13T09:48:58Z">
    <groups>
    </groups>
    <test name="Login functionality testing" duration-ms="137901" started-at="2019-10-13T09:46:40Z" finished-at="2019-10-13T09:48:58Z">
      <class name="com.companyName.projectName.testCases.TC004_Create_an_Account">
        <test-method status="PASS" signature="isSkip()[pri:0, instance:com.companyName.projectName.testCases.TC004_Create_an_Account@1139829]" name="isSkip" is-config="true" duration-ms="0" started-at="2019-10-13T15:17:55Z" finished-at="2019-10-13T15:17:55Z">
          <reporter-output>
          </reporter-output>
        </test-method> <!-- isSkip -->
        <test-method status="PASS" signature="TC004_Create_An_Account(java.util.Hashtable)[pri:0, instance:com.companyName.projectName.testCases.TC004_Create_an_Account@1139829]" name="TC004_Create_An_Account" duration-ms="61402" started-at="2019-10-13T15:17:55Z" data-provider="Data_Collections" finished-at="2019-10-13T15:18:57Z">
          <params>
            <param index="0">
              <value>
                <![CDATA[{Email_ID=test.test1237@gmail.com, Password=Rahul#127, Iteration=1, Phone_Numer=2587456547, First_Name=Snehal, Address=Delhi, Last_Name=chopade}]]>
              </value>
            </param>
          </params>
          <reporter-output>
            <line>
              <![CDATA[*** Script execution for TC004_Create_an_Account is completed. *** ]]>
            </line>
          </reporter-output>
        </test-method> <!-- TC004_Create_An_Account -->
      </class> <!-- com.companyName.projectName.testCases.TC004_Create_an_Account -->
      <class name="com.companyName.projectName.testCases.TC003_Create_an_Account">
        <test-method status="SKIP" signature="isSkip()[pri:0, instance:com.companyName.projectName.testCases.TC003_Create_an_Account@3191a6]" name="isSkip" is-config="true" duration-ms="0" started-at="2019-10-13T15:17:55Z" finished-at="2019-10-13T15:17:55Z">
          <exception class="org.testng.SkipException">
            <message>
              <![CDATA[Skipping Testcase as it's Run Mode is marked as N]]>
            </message>
            <full-stacktrace>
              <![CDATA[org.testng.SkipException: Skipping Testcase as it's Run Mode is marked as N
	at com.companyName.projectName.testCases.TC003_Create_an_Account.isSkip(TC003_Create_an_Account.java:20)
	at sun.reflect.NativeMethodAccessorImpl.invoke0(Native Method)
	at sun.reflect.NativeMethodAccessorImpl.invoke(Unknown Source)
	at sun.reflect.DelegatingMethodAccessorImpl.invoke(Unknown Source)
	at java.lang.reflect.Method.invoke(Unknown Source)
	at org.testng.internal.MethodInvocationHelper.invokeMethod(MethodInvocationHelper.java:85)
	at org.testng.internal.Invoker.invokeConfigurationMethod(Invoker.java:521)
	at org.testng.internal.Invoker.invokeConfigurations(Invoker.java:213)
	at org.testng.internal.Invoker.invokeConfigurations(Invoker.java:140)
	at org.testng.internal.TestMethodWorker.invokeBeforeClassMethods(TestMethodWorker.java:170)
	at org.testng.internal.TestMethodWorker.run(TestMethodWorker.java:104)
	at org.testng.TestRunner.privateRun(TestRunner.java:771)
	at org.testng.TestRunner.run(TestRunner.java:621)
	at org.testng.SuiteRunner.runTest(SuiteRunner.java:357)
	at org.testng.SuiteRunner.runSequentially(SuiteRunner.java:352)
	at org.testng.SuiteRunner.privateRun(SuiteRunner.java:310)
	at org.testng.SuiteRunner.run(SuiteRunner.java:259)
	at org.testng.SuiteRunnerWorker.runSuite(SuiteRunnerWorker.java:52)
	at org.testng.SuiteRunnerWorker.run(SuiteRunnerWorker.java:86)
	at org.testng.TestNG.runSuitesSequentially(TestNG.java:1200)
	at org.testng.TestNG.runSuitesLocally(TestNG.java:1125)
	at org.testng.TestNG.run(TestNG.java:1033)
	at org.testng.remote.RemoteTestNG.run(RemoteTestNG.java:111)
	at org.testng.remote.RemoteTestNG.initAndRun(RemoteTestNG.java:204)
	at org.testng.remote.RemoteTestNG.main(RemoteTestNG.java:175)
]]>
            </full-stacktrace>
          </exception> <!-- org.testng.SkipException -->
          <reporter-output>
          </reporter-output>
        </test-method> <!-- isSkip -->
        <test-method status="SKIP" signature="TC003_Create_An_Account(java.util.Hashtable)[pri:0, instance:com.companyName.projectName.testCases.TC003_Create_an_Account@3191a6]" name="TC003_Create_An_Account" duration-ms="1" started-at="2019-10-13T15:17:55Z" data-provider="Data_Collections" finished-at="2019-10-13T15:17:55Z">
          <params>
            <param index="0">
              <value>
                <![CDATA[{Email_ID=test.test1236@gmail.com, Password=Rahul#126, Iteration=1, Phone_Numer=9850658748, First_Name=Ganesh, Address=Mumbai, Last_Name=Bhosale}]]>
              </value>
            </param>
          </params>
          <reporter-output>
          </reporter-output>
        </test-method> <!-- TC003_Create_An_Account -->
      </class> <!-- com.companyName.projectName.testCases.TC003_Create_an_Account -->
      <class name="com.companyName.projectName.testCases.TC001_Create_an_Account">
        <test-method status="PASS" signature="loadingFilesAndGenerateReport()[pri:0, instance:com.companyName.projectName.testCases.TC001_Create_an_Account@fe5c40]" name="loadingFilesAndGenerateReport" is-config="true" duration-ms="304" started-at="2019-10-13T15:16:40Z" finished-at="2019-10-13T15:16:40Z">
          <reporter-output>
          </reporter-output>
        </test-method> <!-- loadingFilesAndGenerateReport -->
        <test-method status="PASS" signature="isSkip()[pri:0, instance:com.companyName.projectName.testCases.TC001_Create_an_Account@fe5c40]" name="isSkip" is-config="true" duration-ms="0" started-at="2019-10-13T15:16:40Z" finished-at="2019-10-13T15:16:40Z">
          <reporter-output>
          </reporter-output>
        </test-method> <!-- isSkip -->
        <test-method status="PASS" signature="TC001_Create_An_Account(java.util.Hashtable)[pri:0, instance:com.companyName.projectName.testCases.TC001_Create_an_Account@fe5c40]" name="TC001_Create_An_Account" duration-ms="36985" started-at="2019-10-13T15:16:40Z" data-provider="Data_Collections" finished-at="2019-10-13T15:17:17Z">
          <params>
            <param index="0">
              <value>
                <![CDATA[{Email_ID=test.test1234@gmail.com, Password=Rahul#124, Iteration=1, Phone_Numer=9850658748, First_Name=Rahul, Address=pune, Last_Name=Ganjare}]]>
              </value>
            </param>
          </params>
          <reporter-output>
            <line>
              <![CDATA[*** Script execution for TC001_Create_an_Account is completed. *** ]]>
            </line>
          </reporter-output>
        </test-method> <!-- TC001_Create_An_Account -->
        <test-method status="PASS" signature="writeIntoExtentReports()[pri:0, instance:com.companyName.projectName.testCases.TC001_Create_an_Account@fe5c40]" name="writeIntoExtentReports" is-config="true" duration-ms="638" started-at="2019-10-13T15:18:58Z" finished-at="2019-10-13T15:18:59Z">
          <reporter-output>
          </reporter-output>
        </test-method> <!-- writeIntoExtentReports -->
      </class> <!-- com.companyName.projectName.testCases.TC001_Create_an_Account -->
      <class name="com.companyName.projectName.testCases.TC005_Create_an_Account">
        <test-method status="SKIP" signature="isSkip()[pri:0, instance:com.companyName.projectName.testCases.TC005_Create_an_Account@1597028]" name="isSkip" is-config="true" duration-ms="0" started-at="2019-10-13T15:18:58Z" finished-at="2019-10-13T15:18:58Z">
          <exception class="org.testng.SkipException">
            <message>
              <![CDATA[Skipping Testcase as it's Run Mode is marked as N]]>
            </message>
            <full-stacktrace>
              <![CDATA[org.testng.SkipException: Skipping Testcase as it's Run Mode is marked as N
	at com.companyName.projectName.testCases.TC005_Create_an_Account.isSkip(TC005_Create_an_Account.java:17)
	at sun.reflect.NativeMethodAccessorImpl.invoke0(Native Method)
	at sun.reflect.NativeMethodAccessorImpl.invoke(Unknown Source)
	at sun.reflect.DelegatingMethodAccessorImpl.invoke(Unknown Source)
	at java.lang.reflect.Method.invoke(Unknown Source)
	at org.testng.internal.MethodInvocationHelper.invokeMethod(MethodInvocationHelper.java:85)
	at org.testng.internal.Invoker.invokeConfigurationMethod(Invoker.java:521)
	at org.testng.internal.Invoker.invokeConfigurations(Invoker.java:213)
	at org.testng.internal.Invoker.invokeConfigurations(Invoker.java:140)
	at org.testng.internal.TestMethodWorker.invokeBeforeClassMethods(TestMethodWorker.java:170)
	at org.testng.internal.TestMethodWorker.run(TestMethodWorker.java:104)
	at org.testng.TestRunner.privateRun(TestRunner.java:771)
	at org.testng.TestRunner.run(TestRunner.java:621)
	at org.testng.SuiteRunner.runTest(SuiteRunner.java:357)
	at org.testng.SuiteRunner.runSequentially(SuiteRunner.java:352)
	at org.testng.SuiteRunner.privateRun(SuiteRunner.java:310)
	at org.testng.SuiteRunner.run(SuiteRunner.java:259)
	at org.testng.SuiteRunnerWorker.runSuite(SuiteRunnerWorker.java:52)
	at org.testng.SuiteRunnerWorker.run(SuiteRunnerWorker.java:86)
	at org.testng.TestNG.runSuitesSequentially(TestNG.java:1200)
	at org.testng.TestNG.runSuitesLocally(TestNG.java:1125)
	at org.testng.TestNG.run(TestNG.java:1033)
	at org.testng.remote.RemoteTestNG.run(RemoteTestNG.java:111)
	at org.testng.remote.RemoteTestNG.initAndRun(RemoteTestNG.java:204)
	at org.testng.remote.RemoteTestNG.main(RemoteTestNG.java:175)
]]>
            </full-stacktrace>
          </exception> <!-- org.testng.SkipException -->
          <reporter-output>
          </reporter-output>
        </test-method> <!-- isSkip -->
        <test-method status="SKIP" signature="TC005_Create_An_Account(java.util.Hashtable)[pri:0, instance:com.companyName.projectName.testCases.TC005_Create_an_Account@1597028]" name="TC005_Create_An_Account" duration-ms="1" started-at="2019-10-13T15:18:58Z" data-provider="Data_Collections" finished-at="2019-10-13T15:18:58Z">
          <params>
            <param index="0">
              <value>
                <![CDATA[{Email_ID=test.test1234@gmail.com, Password=Rahul#124, Iteration=1, Phone_Numer=9850658748, First_Name=Sneha, Address=Singapoor, Last_Name=Soni}]]>
              </value>
            </param>
          </params>
          <reporter-output>
          </reporter-output>
        </test-method> <!-- TC005_Create_An_Account -->
      </class> <!-- com.companyName.projectName.testCases.TC005_Create_an_Account -->
      <class name="com.companyName.projectName.testCases.TC002_Create_an_Account">
        <test-method status="PASS" signature="isSkip()[pri:0, instance:com.companyName.projectName.testCases.TC002_Create_an_Account@c4f3a0]" name="isSkip" is-config="true" duration-ms="0" started-at="2019-10-13T15:17:19Z" finished-at="2019-10-13T15:17:19Z">
          <reporter-output>
          </reporter-output>
        </test-method> <!-- isSkip -->
        <test-method status="PASS" signature="TC002_Create_An_Account(java.util.Hashtable)[pri:0, instance:com.companyName.projectName.testCases.TC002_Create_an_Account@c4f3a0]" name="TC002_Create_An_Account" duration-ms="35169" started-at="2019-10-13T15:17:19Z" data-provider="Data_Collections" finished-at="2019-10-13T15:17:54Z">
          <params>
            <param index="0">
              <value>
                <![CDATA[{Email_ID=test.test1235@gmail.com, Password=Rahul#125, Iteration=1, Phone_Numer=2587456547, First_Name=Namita, Address=USA, Last_Name=Wikhe}]]>
              </value>
            </param>
          </params>
          <reporter-output>
            <line>
              <![CDATA[*** Script execution for TC002_Create_an_Account is completed. *** ]]>
            </line>
          </reporter-output>
        </test-method> <!-- TC002_Create_An_Account -->
      </class> <!-- com.companyName.projectName.testCases.TC002_Create_an_Account -->
    </test> <!-- Login functionality testing -->
  </suite> <!-- Regression suite -->
</testng-results>
